This file contains any messages produced by compilers while
running configure, to aid debugging if configure makes a mistake.

It was created by heat configure 1.17, which was
generated by GNU Autoconf 2.63.  Invocation command line was

  $ ./configure --disable-option-checking --prefix=/usr/local --cache-file=/dev/null --srcdir=.

## --------- ##
## Platform. ##
## --------- ##

hostname = Shanshi-laptop
uname -m = x86_64
uname -r = 4.4.0-62-generic
uname -s = Linux
uname -v = #83-Ubuntu SMP Wed Jan 18 14:10:15 UTC 2017

/usr/bin/uname -p = unknown
/bin/uname -X     = unknown

/bin/arch              = unknown
/usr/bin/arch -k       = unknown
/usr/convex/getsysinfo = unknown
/usr/bin/hostinfo      = unknown
/bin/machine           = unknown
/usr/bin/oslevel       = unknown
/bin/universe          = unknown

PATH: /home/erwin/anaconda2/bin
PATH: /home/erwin/bin
PATH: /home/erwin/.local/bin
PATH: /usr/local/sbin
PATH: /usr/local/bin
PATH: /usr/sbin
PATH: /usr/bin
PATH: /sbin
PATH: /bin
PATH: /usr/games
PATH: /usr/local/games
PATH: /snap/bin
PATH: /opt/microchip/xc16/v1.26/bin
PATH: /opt/microchip/xc16/v1.26/bin


## ----------- ##
## Core tests. ##
## ----------- ##

configure:1847: checking for a BSD-compatible install
configure:1915: result: /usr/bin/install -c
configure:1926: checking whether build environment is sane
configure:1986: result: yes
configure:2127: checking for a thread-safe mkdir -p
configure:2166: result: /bin/mkdir -p
configure:2179: checking for gawk
configure:2209: result: no
configure:2179: checking for mawk
configure:2195: found /usr/bin/mawk
configure:2206: result: mawk
configure:2217: checking whether make sets $(MAKE)
configure:2239: result: yes
configure:2359: checking for ranlib
configure:2375: found /usr/bin/ranlib
configure:2386: result: ranlib
configure:2420: checking for style of include used by make
configure:2448: result: GNU
configure:2518: checking for gcc
configure:2534: found /usr/bin/gcc
configure:2545: result: gcc
configure:2777: checking for C compiler version
configure:2785: gcc --version >&5
gcc (Ubuntu 5.4.0-6ubuntu1~16.04.4) 5.4.0 20160609
Copyright (C) 2015 Free Software Foundation, Inc.
This is free software; see the source for copying conditions.  There is NO
warranty; not even for MERCHANTABILITY or FITNESS FOR A PARTICULAR PURPOSE.

configure:2789: $? = 0
configure:2796: gcc -v >&5
Using built-in specs.
COLLECT_GCC=gcc
COLLECT_LTO_WRAPPER=/usr/lib/gcc/x86_64-linux-gnu/5/lto-wrapper
Target: x86_64-linux-gnu
Configured with: ../src/configure -v --with-pkgversion='Ubuntu 5.4.0-6ubuntu1~16.04.4' --with-bugurl=file:///usr/share/doc/gcc-5/README.Bugs --enable-languages=c,ada,c++,java,go,d,fortran,objc,obj-c++ --prefix=/usr --program-suffix=-5 --enable-shared --enable-linker-build-id --libexecdir=/usr/lib --without-included-gettext --enable-threads=posix --libdir=/usr/lib --enable-nls --with-sysroot=/ --enable-clocale=gnu --enable-libstdcxx-debug --enable-libstdcxx-time=yes --with-default-libstdcxx-abi=new --enable-gnu-unique-object --disable-vtable-verify --enable-libmpx --enable-plugin --with-system-zlib --disable-browser-plugin --enable-java-awt=gtk --enable-gtk-cairo --with-java-home=/usr/lib/jvm/java-1.5.0-gcj-5-amd64/jre --enable-java-home --with-jvm-root-dir=/usr/lib/jvm/java-1.5.0-gcj-5-amd64 --with-jvm-jar-dir=/usr/lib/jvm-exports/java-1.5.0-gcj-5-amd64 --with-arch-directory=amd64 --with-ecj-jar=/usr/share/java/eclipse-ecj.jar --enable-objc-gc --enable-multiarch --disable-werror --with-arch-32=i686 --with-abi=m64 --with-multilib-list=m32,m64,mx32 --enable-multilib --with-tune=generic --enable-checking=release --build=x86_64-linux-gnu --host=x86_64-linux-gnu --target=x86_64-linux-gnu
Thread model: posix
gcc version 5.4.0 20160609 (Ubuntu 5.4.0-6ubuntu1~16.04.4) 
configure:2800: $? = 0
configure:2807: gcc -V >&5
gcc: error: unrecognized command line option '-V'
gcc: fatal error: no input files
compilation terminated.
configure:2811: $? = 1
configure:2834: checking for C compiler default output file name
configure:2856: gcc    conftest.c  >&5
configure:2860: $? = 0
configure:2898: result: a.out
configure:2917: checking whether the C compiler works
configure:2927: ./a.out
configure:2931: $? = 0
configure:2950: result: yes
configure:2957: checking whether we are cross compiling
configure:2959: result: no
configure:2962: checking for suffix of executables
configure:2969: gcc -o conftest    conftest.c  >&5
configure:2973: $? = 0
configure:2999: result: 
configure:3005: checking for suffix of object files
configure:3031: gcc -c   conftest.c >&5
configure:3035: $? = 0
configure:3060: result: o
configure:3064: checking whether we are using the GNU C compiler
configure:3093: gcc -c   conftest.c >&5
configure:3100: $? = 0
configure:3117: result: yes
configure:3126: checking whether gcc accepts -g
configure:3156: gcc -c -g  conftest.c >&5
configure:3163: $? = 0
configure:3264: result: yes
configure:3281: checking for gcc option to accept ISO C89
configure:3355: gcc  -c -g -O2  conftest.c >&5
configure:3362: $? = 0
configure:3385: result: none needed
configure:3405: checking dependency style of gcc
configure:3515: result: gcc3
configure:3530: checking for gcc option to accept ISO C99
configure:3689: gcc  -c -g -O2  conftest.c >&5
configure:3696: $? = 0
configure:3719: result: none needed
configure:3733: checking for an ANSI C-conforming const
configure:3808: gcc -c -g -O2  conftest.c >&5
configure:3815: $? = 0
configure:3830: result: yes
configure:3840: checking for C/C++ restrict keyword
configure:3875: gcc -c -g -O2  conftest.c >&5
configure:3882: $? = 0
configure:3900: result: __restrict
configure:3916: checking for working volatile
configure:3945: gcc -c -g -O2  conftest.c >&5
configure:3952: $? = 0
configure:3967: result: yes
configure:3978: checking for library containing fabs
configure:4019: gcc -o conftest -g -O2   conftest.c  >&5
conftest.c:16:6: warning: conflicting types for built-in function 'fabs'
 char fabs ();
      ^
/tmp/cc86nJes.o: In function `main':
/home/erwin/Documents/ProgrammingMCMS/heat-1.17/pth/conftest.c:20: undefined reference to `fabs'
collect2: error: ld returned 1 exit status
configure:4026: $? = 1
configure: failed program was:
| /* confdefs.h.  */
| #define PACKAGE_NAME "heat"
| #define PACKAGE_TARNAME "heat"
| #define PACKAGE_VERSION "1.17"
| #define PACKAGE_STRING "heat 1.17"
| #define PACKAGE_BUGREPORT "pcs2015@list.uva.nl"
| #define restrict __restrict
| /* end confdefs.h.  */
| 
| /* Override any GCC internal prototype to avoid an error.
|    Use char because int might match the return type of a GCC
|    builtin and then its argument prototype would still apply.  */
| #ifdef __cplusplus
| extern "C"
| #endif
| char fabs ();
| int
| main ()
| {
| return fabs ();
|   ;
|   return 0;
| }
configure:4019: gcc -o conftest -g -O2   conftest.c -lm   >&5
conftest.c:16:6: warning: conflicting types for built-in function 'fabs'
 char fabs ();
      ^
configure:4026: $? = 0
configure:4057: result: -lm
configure:4065: checking for library containing fmin
configure:4106: gcc -o conftest -g -O2   conftest.c -lm  >&5
conftest.c:16:6: warning: conflicting types for built-in function 'fmin'
 char fmin ();
      ^
configure:4113: $? = 0
configure:4144: result: none required
configure:4152: checking for library containing fmax
configure:4193: gcc -o conftest -g -O2   conftest.c -lm  >&5
conftest.c:16:6: warning: conflicting types for built-in function 'fmax'
 char fmax ();
      ^
configure:4200: $? = 0
configure:4231: result: none required
configure:4239: checking for library containing sqrt
configure:4280: gcc -o conftest -g -O2   conftest.c -lm  >&5
conftest.c:16:6: warning: conflicting types for built-in function 'sqrt'
 char sqrt ();
      ^
configure:4287: $? = 0
configure:4318: result: none required
configure:4346: checking build system type
configure:4364: result: x86_64-unknown-linux-gnu
configure:4386: checking host system type
configure:4401: result: x86_64-unknown-linux-gnu
configure:4619: checking for the pthreads library -lpthreads
configure:4662: gcc -o conftest -g -O2 -Wall   -I$(COMMON)  conftest.c -lpthreads -lm  >&5
conftest.c: In function 'main':
conftest.c:14:22: warning: null argument where non-null required (argument 1) [-Wnonnull]
                      pthread_attr_init(0); pthread_cleanup_push(0, 0);
                      ^
conftest.c:15:22: warning: null argument where non-null required (argument 1) [-Wnonnull]
                      pthread_create(0,0,0,0); pthread_cleanup_pop(0);
                      ^
conftest.c:15:22: warning: null argument where non-null required (argument 3) [-Wnonnull]
conftest.c:13:15: warning: 'th' is used uninitialized in this function [-Wuninitialized]
 pthread_t th; pthread_join(th, 0);
               ^
/usr/bin/ld: cannot find -lpthreads
collect2: error: ld returned 1 exit status
configure:4669: $? = 1
configure: failed program was:
| /* confdefs.h.  */
| #define PACKAGE_NAME "heat"
| #define PACKAGE_TARNAME "heat"
| #define PACKAGE_VERSION "1.17"
| #define PACKAGE_STRING "heat 1.17"
| #define PACKAGE_BUGREPORT "pcs2015@list.uva.nl"
| #define restrict __restrict
| /* end confdefs.h.  */
| #include <pthread.h>
| int
| main ()
| {
| pthread_t th; pthread_join(th, 0);
|                      pthread_attr_init(0); pthread_cleanup_push(0, 0);
|                      pthread_create(0,0,0,0); pthread_cleanup_pop(0);
|   ;
|   return 0;
| }
configure:4692: result: no
configure:4564: checking whether pthreads work without any flags
configure:4662: gcc -o conftest -g -O2 -Wall   -I$(COMMON)  conftest.c  -lm  >&5
conftest.c: In function 'main':
conftest.c:14:22: warning: null argument where non-null required (argument 1) [-Wnonnull]
                      pthread_attr_init(0); pthread_cleanup_push(0, 0);
                      ^
conftest.c:15:22: warning: null argument where non-null required (argument 1) [-Wnonnull]
                      pthread_create(0,0,0,0); pthread_cleanup_pop(0);
                      ^
conftest.c:15:22: warning: null argument where non-null required (argument 3) [-Wnonnull]
conftest.c:13:15: warning: 'th' is used uninitialized in this function [-Wuninitialized]
 pthread_t th; pthread_join(th, 0);
               ^
/tmp/ccg66HcS.o: In function `main':
/home/erwin/Documents/ProgrammingMCMS/heat-1.17/pth/conftest.c:13: undefined reference to `pthread_join'
/home/erwin/Documents/ProgrammingMCMS/heat-1.17/pth/conftest.c:14: undefined reference to `__pthread_register_cancel'
/home/erwin/Documents/ProgrammingMCMS/heat-1.17/pth/conftest.c:15: undefined reference to `pthread_create'
/home/erwin/Documents/ProgrammingMCMS/heat-1.17/pth/conftest.c:15: undefined reference to `__pthread_unregister_cancel'
collect2: error: ld returned 1 exit status
configure:4669: $? = 1
configure: failed program was:
| /* confdefs.h.  */
| #define PACKAGE_NAME "heat"
| #define PACKAGE_TARNAME "heat"
| #define PACKAGE_VERSION "1.17"
| #define PACKAGE_STRING "heat 1.17"
| #define PACKAGE_BUGREPORT "pcs2015@list.uva.nl"
| #define restrict __restrict
| /* end confdefs.h.  */
| #include <pthread.h>
| int
| main ()
| {
| pthread_t th; pthread_join(th, 0);
|                      pthread_attr_init(0); pthread_cleanup_push(0, 0);
|                      pthread_create(0,0,0,0); pthread_cleanup_pop(0);
|   ;
|   return 0;
| }
configure:4692: result: no
configure:4569: checking whether pthreads work with -Kthread
configure:4662: gcc -o conftest -g -O2 -Wall -Kthread  -I$(COMMON)  conftest.c  -lm  >&5
gcc: error: unrecognized command line option '-Kthread'
configure:4669: $? = 1
configure: failed program was:
| /* confdefs.h.  */
| #define PACKAGE_NAME "heat"
| #define PACKAGE_TARNAME "heat"
| #define PACKAGE_VERSION "1.17"
| #define PACKAGE_STRING "heat 1.17"
| #define PACKAGE_BUGREPORT "pcs2015@list.uva.nl"
| #define restrict __restrict
| /* end confdefs.h.  */
| #include <pthread.h>
| int
| main ()
| {
| pthread_t th; pthread_join(th, 0);
|                      pthread_attr_init(0); pthread_cleanup_push(0, 0);
|                      pthread_create(0,0,0,0); pthread_cleanup_pop(0);
|   ;
|   return 0;
| }
configure:4692: result: no
configure:4569: checking whether pthreads work with -kthread
configure:4662: gcc -o conftest -g -O2 -Wall -kthread  -I$(COMMON)  conftest.c  -lm  >&5
gcc: error: unrecognized command line option '-kthread'
configure:4669: $? = 1
configure: failed program was:
| /* confdefs.h.  */
| #define PACKAGE_NAME "heat"
| #define PACKAGE_TARNAME "heat"
| #define PACKAGE_VERSION "1.17"
| #define PACKAGE_STRING "heat 1.17"
| #define PACKAGE_BUGREPORT "pcs2015@list.uva.nl"
| #define restrict __restrict
| /* end confdefs.h.  */
| #include <pthread.h>
| int
| main ()
| {
| pthread_t th; pthread_join(th, 0);
|                      pthread_attr_init(0); pthread_cleanup_push(0, 0);
|                      pthread_create(0,0,0,0); pthread_cleanup_pop(0);
|   ;
|   return 0;
| }
configure:4692: result: no
configure:4619: checking for the pthreads library -llthread
configure:4662: gcc -o conftest -g -O2 -Wall   -I$(COMMON)  conftest.c -llthread -lm  >&5
conftest.c: In function 'main':
conftest.c:14:22: warning: null argument where non-null required (argument 1) [-Wnonnull]
                      pthread_attr_init(0); pthread_cleanup_push(0, 0);
                      ^
conftest.c:15:22: warning: null argument where non-null required (argument 1) [-Wnonnull]
                      pthread_create(0,0,0,0); pthread_cleanup_pop(0);
                      ^
conftest.c:15:22: warning: null argument where non-null required (argument 3) [-Wnonnull]
conftest.c:13:15: warning: 'th' is used uninitialized in this function [-Wuninitialized]
 pthread_t th; pthread_join(th, 0);
               ^
/usr/bin/ld: cannot find -llthread
collect2: error: ld returned 1 exit status
configure:4669: $? = 1
configure: failed program was:
| /* confdefs.h.  */
| #define PACKAGE_NAME "heat"
| #define PACKAGE_TARNAME "heat"
| #define PACKAGE_VERSION "1.17"
| #define PACKAGE_STRING "heat 1.17"
| #define PACKAGE_BUGREPORT "pcs2015@list.uva.nl"
| #define restrict __restrict
| /* end confdefs.h.  */
| #include <pthread.h>
| int
| main ()
| {
| pthread_t th; pthread_join(th, 0);
|                      pthread_attr_init(0); pthread_cleanup_push(0, 0);
|                      pthread_create(0,0,0,0); pthread_cleanup_pop(0);
|   ;
|   return 0;
| }
configure:4692: result: no
configure:4569: checking whether pthreads work with -pthread
configure:4662: gcc -o conftest -g -O2 -Wall -pthread  -I$(COMMON)  conftest.c  -lm  >&5
conftest.c: In function 'main':
conftest.c:14:22: warning: null argument where non-null required (argument 1) [-Wnonnull]
                      pthread_attr_init(0); pthread_cleanup_push(0, 0);
                      ^
conftest.c:15:22: warning: null argument where non-null required (argument 1) [-Wnonnull]
                      pthread_create(0,0,0,0); pthread_cleanup_pop(0);
                      ^
conftest.c:15:22: warning: null argument where non-null required (argument 3) [-Wnonnull]
conftest.c:13:15: warning: 'th' is used uninitialized in this function [-Wuninitialized]
 pthread_t th; pthread_join(th, 0);
               ^
configure:4669: $? = 0
configure:4692: result: yes
configure:4711: checking for joinable pthread attribute
configure:4736: gcc -o conftest -g -O2 -Wall -pthread  -I$(COMMON)  conftest.c  -lm  >&5
configure:4743: $? = 0
configure:4763: result: PTHREAD_CREATE_JOINABLE
configure:4773: checking if more special flags are required for pthreads
configure:4780: result: no
configure:4995: creating ./config.status

## ---------------------- ##
## Running config.status. ##
## ---------------------- ##

This file was extended by heat config.status 1.17, which was
generated by GNU Autoconf 2.63.  Invocation command line was

  CONFIG_FILES    = 
  CONFIG_HEADERS  = 
  CONFIG_LINKS    = 
  CONFIG_COMMANDS = 
  $ ./config.status 

on Shanshi-laptop

config.status:772: creating Makefile
config.status:772: creating config.h
config.status:1046: executing depfiles commands

## ---------------- ##
## Cache variables. ##
## ---------------- ##

ac_cv_build=x86_64-unknown-linux-gnu
ac_cv_c_compiler_gnu=yes
ac_cv_c_const=yes
ac_cv_c_restrict=__restrict
ac_cv_c_volatile=yes
ac_cv_env_CC_set=
ac_cv_env_CC_value=
ac_cv_env_CFLAGS_set=
ac_cv_env_CFLAGS_value=
ac_cv_env_CPPFLAGS_set=
ac_cv_env_CPPFLAGS_value=
ac_cv_env_LDFLAGS_set=
ac_cv_env_LDFLAGS_value=
ac_cv_env_LIBS_set=
ac_cv_env_LIBS_value=
ac_cv_env_build_alias_set=
ac_cv_env_build_alias_value=
ac_cv_env_host_alias_set=
ac_cv_env_host_alias_value=
ac_cv_env_target_alias_set=
ac_cv_env_target_alias_value=
ac_cv_host=x86_64-unknown-linux-gnu
ac_cv_objext=o
ac_cv_path_install='/usr/bin/install -c'
ac_cv_path_mkdir=/bin/mkdir
ac_cv_prog_AWK=mawk
ac_cv_prog_ac_ct_CC=gcc
ac_cv_prog_ac_ct_RANLIB=ranlib
ac_cv_prog_cc_c89=
ac_cv_prog_cc_c99=
ac_cv_prog_cc_g=yes
ac_cv_prog_make_make_set=yes
ac_cv_search_fabs=-lm
ac_cv_search_fmax='none required'
ac_cv_search_fmin='none required'
ac_cv_search_sqrt='none required'
am_cv_CC_dependencies_compiler_type=gcc3

## ----------------- ##
## Output variables. ##
## ----------------- ##

ACLOCAL='${SHELL} /home/erwin/Documents/ProgrammingMCMS/heat-1.17/pth/build-aux/missing --run aclocal-1.11'
AMDEPBACKSLASH='\'
AMDEP_FALSE='#'
AMDEP_TRUE=''
AMTAR='${SHELL} /home/erwin/Documents/ProgrammingMCMS/heat-1.17/pth/build-aux/missing --run tar'
AUTOCONF='${SHELL} /home/erwin/Documents/ProgrammingMCMS/heat-1.17/pth/build-aux/missing --run autoconf -f'
AUTOHEADER='${SHELL} /home/erwin/Documents/ProgrammingMCMS/heat-1.17/pth/build-aux/missing --run autoheader'
AUTOMAKE='${SHELL} /home/erwin/Documents/ProgrammingMCMS/heat-1.17/pth/build-aux/missing --run automake-1.11'
AWK='mawk'
CC='gcc'
CCDEPMODE='depmode=gcc3'
CFLAGS='-g -O2 -Wall -pthread'
COMMON='$(srcdir)/../src'
CPPFLAGS=' -I$(COMMON)'
CYGPATH_W='echo'
DEFS='-DHAVE_CONFIG_H'
DEPDIR='.deps'
ECHO_C=''
ECHO_N='-n'
ECHO_T=''
EXEEXT=''
INSTALL_DATA='${INSTALL} -m 644'
INSTALL_PROGRAM='${INSTALL}'
INSTALL_SCRIPT='${INSTALL}'
INSTALL_STRIP_PROGRAM='$(install_sh) -c -s'
LDFLAGS=''
LIBOBJS=''
LIBS=' -lm '
LTLIBOBJS=''
MAKEINFO='${SHELL} /home/erwin/Documents/ProgrammingMCMS/heat-1.17/pth/build-aux/missing --run makeinfo'
MKDIR_P='/bin/mkdir -p'
OBJEXT='o'
PACKAGE='heat'
PACKAGE_BUGREPORT='pcs2015@list.uva.nl'
PACKAGE_NAME='heat'
PACKAGE_STRING='heat 1.17'
PACKAGE_TARNAME='heat'
PACKAGE_VERSION='1.17'
PATH_SEPARATOR=':'
PTHREAD_CC='gcc'
PTHREAD_CFLAGS='-pthread'
PTHREAD_LIBS=''
RANLIB='ranlib'
SET_MAKE=''
SHELL='/bin/bash'
STRIP=''
VERSION='1.17'
ac_ct_CC='gcc'
am__EXEEXT_FALSE=''
am__EXEEXT_TRUE='#'
am__fastdepCC_FALSE='#'
am__fastdepCC_TRUE=''
am__include='include'
am__isrc=''
am__leading_dot='.'
am__quote=''
am__tar='${AMTAR} chof - "$$tardir"'
am__untar='${AMTAR} xf -'
ax_pthread_config=''
bindir='${exec_prefix}/bin'
build='x86_64-unknown-linux-gnu'
build_alias=''
build_cpu='x86_64'
build_os='linux-gnu'
build_vendor='unknown'
datadir='${datarootdir}'
datarootdir='${prefix}/share'
docdir='${datarootdir}/doc/${PACKAGE_TARNAME}'
dvidir='${docdir}'
exec_prefix='${prefix}'
host='x86_64-unknown-linux-gnu'
host_alias=''
host_cpu='x86_64'
host_os='linux-gnu'
host_vendor='unknown'
htmldir='${docdir}'
includedir='${prefix}/include'
infodir='${datarootdir}/info'
install_sh='${SHELL} /home/erwin/Documents/ProgrammingMCMS/heat-1.17/pth/build-aux/install-sh'
libdir='${exec_prefix}/lib'
libexecdir='${exec_prefix}/libexec'
localedir='${datarootdir}/locale'
localstatedir='${prefix}/var'
mandir='${datarootdir}/man'
mkdir_p='/bin/mkdir -p'
oldincludedir='/usr/include'
pdfdir='${docdir}'
prefix='/usr/local'
program_transform_name='s,x,x,'
psdir='${docdir}'
sbindir='${exec_prefix}/sbin'
sharedstatedir='${prefix}/com'
sysconfdir='${prefix}/etc'
target_alias=''

## ----------- ##
## confdefs.h. ##
## ----------- ##

#define PACKAGE_NAME "heat"
#define PACKAGE_TARNAME "heat"
#define PACKAGE_VERSION "1.17"
#define PACKAGE_STRING "heat 1.17"
#define PACKAGE_BUGREPORT "pcs2015@list.uva.nl"
#define restrict __restrict
#define HAVE_PTHREAD 1

configure: exit 0
